[2024-11-08 09:22:20:64676645][http-nio-8080-exec-1] DEBUG c.e.w.gw.controller.KafkaController[22] - message : null
[2024-11-08 09:23:20:64737055][http-nio-8080-exec-1] DEBUG c.e.w.gw.service.CustomProducer[42] - pub timestamp : 1970-01-01T08:59:59.999
[2024-11-08 09:23:20:64737114][http-nio-8080-exec-1] DEBUG c.e.w.gw.service.CustomProducer[43] - pub partition : -1
[2024-11-08 09:23:20:64737115][http-nio-8080-exec-1] DEBUG c.e.w.gw.service.CustomProducer[44] - pub message : null
[2024-11-08 09:23:20:64737117][http-nio-8080-exec-1] DEBUG c.e.w.gw.service.CustomProducer[46] - Topic dev-topic-test1 not present in metadata after 60000 ms.
[2024-11-08 09:26:14:2005][main] INFO  c.e.w.gw.ApiGatewayApplication[51] - Starting ApiGatewayApplication using Java 17.0.13 with PID 5488 (C:\dev\workspace\gw\out\production\classes started by PMG043 in C:\dev\workspace\gw)
[2024-11-08 09:26:14:2015][main] DEBUG c.e.w.gw.ApiGatewayApplication[52] - Running with Spring Boot v3.1.4, Spring v6.0.12
[2024-11-08 09:26:14:2017][main] INFO  c.e.w.gw.ApiGatewayApplication[637] - No active profile set, falling back to 1 default profile: "default"
[2024-11-08 09:26:19:7031][main] INFO  c.e.w.gw.ApiGatewayApplication[57] - Started ApiGatewayApplication in 6.393 seconds (process running for 7.638)
[2024-11-08 09:26:22:9466][http-nio-8080-exec-1] DEBUG c.e.w.gw.controller.KafkaController[22] - message : null
[2024-11-08 09:26:25:12604][http-nio-8080-exec-2] DEBUG c.e.w.gw.controller.KafkaController[22] - message : null
[2024-11-08 09:27:22:69469][http-nio-8080-exec-1] DEBUG c.e.w.gw.service.CustomProducer[42] - pub timestamp : 1970-01-01T08:59:59.999
[2024-11-08 09:27:22:69470][http-nio-8080-exec-1] DEBUG c.e.w.gw.service.CustomProducer[43] - pub partition : -1
[2024-11-08 09:27:22:69470][http-nio-8080-exec-1] DEBUG c.e.w.gw.service.CustomProducer[44] - pub message : null
[2024-11-08 09:27:22:69470][http-nio-8080-exec-1] DEBUG c.e.w.gw.service.CustomProducer[46] - Topic dev-topic-test1 not present in metadata after 60000 ms.
[2024-11-08 09:27:25:72605][http-nio-8080-exec-2] DEBUG c.e.w.gw.service.CustomProducer[42] - pub timestamp : 1970-01-01T08:59:59.999
[2024-11-08 09:27:25:72605][http-nio-8080-exec-2] DEBUG c.e.w.gw.service.CustomProducer[43] - pub partition : -1
[2024-11-08 09:27:25:72605][http-nio-8080-exec-2] DEBUG c.e.w.gw.service.CustomProducer[44] - pub message : null
[2024-11-08 09:27:25:72606][http-nio-8080-exec-2] DEBUG c.e.w.gw.service.CustomProducer[46] - Topic dev-topic-test1 not present in metadata after 60000 ms.
[2024-11-08 09:27:38:1095][main] INFO  c.e.w.gw.ApiGatewayApplication[51] - Starting ApiGatewayApplication using Java 17.0.13 with PID 18620 (C:\dev\workspace\gw\out\production\classes started by PMG043 in C:\dev\workspace\gw)
[2024-11-08 09:27:38:1098][main] DEBUG c.e.w.gw.ApiGatewayApplication[52] - Running with Spring Boot v3.1.4, Spring v6.0.12
[2024-11-08 09:27:38:1099][main] INFO  c.e.w.gw.ApiGatewayApplication[637] - No active profile set, falling back to 1 default profile: "default"
[2024-11-08 09:27:41:4643][main] INFO  c.e.w.gw.ApiGatewayApplication[57] - Started ApiGatewayApplication in 4.412 seconds (process running for 4.922)
[2024-11-08 09:27:41:4848][http-nio-8080-exec-1] DEBUG c.e.w.gw.controller.KafkaController[22] - message : null
[2024-11-08 09:27:42:5162][http-nio-8080-exec-2] DEBUG c.e.w.gw.controller.KafkaController[22] - message : null
[2024-11-08 09:28:41:64852][http-nio-8080-exec-1] DEBUG c.e.w.gw.service.CustomProducer[42] - pub timestamp : 1970-01-01T08:59:59.999
[2024-11-08 09:28:41:64853][http-nio-8080-exec-1] DEBUG c.e.w.gw.service.CustomProducer[43] - pub partition : -1
[2024-11-08 09:28:41:64854][http-nio-8080-exec-1] DEBUG c.e.w.gw.service.CustomProducer[44] - pub message : null
[2024-11-08 09:28:41:64854][http-nio-8080-exec-1] DEBUG c.e.w.gw.service.CustomProducer[46] - Topic dev-topic-test1 not present in metadata after 60000 ms.
[2024-11-08 09:28:42:65164][http-nio-8080-exec-2] DEBUG c.e.w.gw.service.CustomProducer[42] - pub timestamp : 1970-01-01T08:59:59.999
[2024-11-08 09:28:42:65165][http-nio-8080-exec-2] DEBUG c.e.w.gw.service.CustomProducer[43] - pub partition : -1
[2024-11-08 09:28:42:65165][http-nio-8080-exec-2] DEBUG c.e.w.gw.service.CustomProducer[44] - pub message : null
[2024-11-08 09:28:42:65165][http-nio-8080-exec-2] DEBUG c.e.w.gw.service.CustomProducer[46] - Topic dev-topic-test1 not present in metadata after 60000 ms.
[2024-11-08 09:30:05:148695][http-nio-8080-exec-5] DEBUG c.e.w.gw.controller.KafkaController[22] - message : null
[2024-11-08 09:30:10:153811][http-nio-8080-exec-6] DEBUG c.e.w.gw.controller.KafkaController[22] - message : null
[2024-11-08 09:30:13:156940][http-nio-8080-exec-7] DEBUG c.e.w.gw.controller.KafkaController[22] - message : null
[2024-11-08 09:30:17:160659][http-nio-8080-exec-9] DEBUG c.e.w.gw.controller.KafkaController[22] - message : null
[2024-11-08 09:30:28:171841][http-nio-8080-exec-3] DEBUG c.e.w.gw.controller.KafkaController[22] - message : hello
[2024-11-08 09:30:57:1056][main] INFO  c.e.w.gw.ApiGatewayApplication[51] - Starting ApiGatewayApplication using Java 17.0.13 with PID 26020 (C:\dev\workspace\gw\out\production\classes started by PMG043 in C:\dev\workspace\gw)
[2024-11-08 09:30:57:1058][main] DEBUG c.e.w.gw.ApiGatewayApplication[52] - Running with Spring Boot v3.1.4, Spring v6.0.12
[2024-11-08 09:30:57:1059][main] INFO  c.e.w.gw.ApiGatewayApplication[637] - No active profile set, falling back to 1 default profile: "default"
[2024-11-08 09:31:00:4377][main] INFO  c.e.w.gw.ApiGatewayApplication[57] - Started ApiGatewayApplication in 4.114 seconds (process running for 4.713)
[2024-11-08 09:31:02:6150][http-nio-8080-exec-1] DEBUG c.e.w.gw.controller.KafkaController[22] - message : hello
[2024-11-08 09:31:06:9933][http-nio-8080-exec-3] DEBUG c.e.w.gw.controller.KafkaController[22] - message : hello
[2024-11-08 09:32:02:66153][http-nio-8080-exec-1] DEBUG c.e.w.gw.service.CustomProducer[42] - pub timestamp : 1970-01-01T08:59:59.999
[2024-11-08 09:32:02:66154][http-nio-8080-exec-1] DEBUG c.e.w.gw.service.CustomProducer[43] - pub partition : -1
[2024-11-08 09:32:02:66154][http-nio-8080-exec-1] DEBUG c.e.w.gw.service.CustomProducer[44] - pub message : hello
[2024-11-08 09:32:02:66154][http-nio-8080-exec-1] DEBUG c.e.w.gw.service.CustomProducer[46] - Topic dev-topic-test1 not present in metadata after 60000 ms.
[2024-11-08 09:32:06:69935][http-nio-8080-exec-3] DEBUG c.e.w.gw.service.CustomProducer[42] - pub timestamp : 1970-01-01T08:59:59.999
[2024-11-08 09:32:06:69936][http-nio-8080-exec-3] DEBUG c.e.w.gw.service.CustomProducer[43] - pub partition : -1
[2024-11-08 09:32:06:69936][http-nio-8080-exec-3] DEBUG c.e.w.gw.service.CustomProducer[44] - pub message : hello
[2024-11-08 09:32:06:69937][http-nio-8080-exec-3] DEBUG c.e.w.gw.service.CustomProducer[46] - Topic dev-topic-test1 not present in metadata after 60000 ms.
[2024-11-08 09:32:30:94494][http-nio-8080-exec-6] DEBUG c.e.w.gw.controller.KafkaController[22] - message : hello
[2024-11-08 09:33:30:154507][http-nio-8080-exec-6] DEBUG c.e.w.gw.service.CustomProducer[42] - pub timestamp : 1970-01-01T08:59:59.999
[2024-11-08 09:33:30:154507][http-nio-8080-exec-6] DEBUG c.e.w.gw.service.CustomProducer[43] - pub partition : -1
[2024-11-08 09:33:30:154508][http-nio-8080-exec-6] DEBUG c.e.w.gw.service.CustomProducer[44] - pub message : hello
[2024-11-08 09:33:30:154508][http-nio-8080-exec-6] DEBUG c.e.w.gw.service.CustomProducer[46] - Topic dev-topic-test1 not present in metadata after 60000 ms.
[2024-11-08 09:34:33:217419][http-nio-8080-exec-9] DEBUG c.e.w.gw.controller.KafkaController[22] - message : hello
[2024-11-08 09:34:34:218518][kafka-producer-network-thread | producer-1] DEBUG c.e.w.gw.service.CustomProducer[42] - pub timestamp : 2024-11-08T09:34:33.740
[2024-11-08 09:34:34:218518][kafka-producer-network-thread | producer-1] DEBUG c.e.w.gw.service.CustomProducer[43] - pub partition : 1
[2024-11-08 09:34:34:218518][kafka-producer-network-thread | producer-1] DEBUG c.e.w.gw.service.CustomProducer[44] - pub message : hello
[2024-11-08 09:34:38:222028][org.springframework.kafka.KafkaListenerEndpointContainer#1-0-C-1] DEBUG c.e.w.gw.service.CustomConsumer[49] - [consumer2] => topic: dev-topic-test1, partition: 1, offset: 1320, value: hello 
[2024-11-08 09:34:39:223464][http-nio-8080-exec-4] DEBUG c.e.w.gw.controller.KafkaController[22] - message : hello
[2024-11-08 09:34:40:224473][kafka-producer-network-thread | producer-1] DEBUG c.e.w.gw.service.CustomProducer[42] - pub timestamp : 2024-11-08T09:34:39.784
[2024-11-08 09:34:40:224473][kafka-producer-network-thread | producer-1] DEBUG c.e.w.gw.service.CustomProducer[43] - pub partition : 0
[2024-11-08 09:34:40:224473][kafka-producer-network-thread | producer-1] DEBUG c.e.w.gw.service.CustomProducer[44] - pub message : hello
[2024-11-08 09:34:40:224475][org.springframework.kafka.KafkaListenerEndpointContainer#0-0-C-1] DEBUG c.e.w.gw.service.CustomConsumer[43] - [consumer1] => topic: dev-topic-test1, partition: 0, offset: 401, value: hello 
[2024-11-08 13:14:08:1128][main] INFO  c.e.w.gw.ApiGatewayApplication[51] - Starting ApiGatewayApplication using Java 17.0.13 with PID 21028 (C:\dev\workspace\gw\out\production\classes started by PMG043 in C:\dev\workspace\gw)
[2024-11-08 13:14:08:1130][main] DEBUG c.e.w.gw.ApiGatewayApplication[52] - Running with Spring Boot v3.1.4, Spring v6.0.12
[2024-11-08 13:14:08:1131][main] INFO  c.e.w.gw.ApiGatewayApplication[637] - No active profile set, falling back to 1 default profile: "default"
[2024-11-08 13:14:11:4837][main] INFO  c.e.w.gw.ApiGatewayApplication[57] - Started ApiGatewayApplication in 4.525 seconds (process running for 5.19)
[2024-11-08 13:14:12:5058][http-nio-8080-exec-1] DEBUG c.e.w.gw.controller.KafkaController[22] - message : hello2
[2024-11-08 13:14:13:6170][kafka-producer-network-thread | producer-1] DEBUG c.e.w.gw.service.CustomProducer[42] - pub timestamp : 2024-11-08T13:14:12.102
[2024-11-08 13:14:13:6170][kafka-producer-network-thread | producer-1] DEBUG c.e.w.gw.service.CustomProducer[43] - pub partition : 1
[2024-11-08 13:14:13:6170][kafka-producer-network-thread | producer-1] DEBUG c.e.w.gw.service.CustomProducer[44] - pub message : hello2
[2024-11-08 13:14:13:6199][org.springframework.kafka.KafkaListenerEndpointContainer#1-0-C-1] DEBUG c.e.w.gw.service.CustomConsumer[43] - [consumer1] => topic: dev-topic-test1, partition: 1, offset: 1321, value: hello2 
[2024-11-08 13:14:45:978][main] INFO  c.e.w.gw.ApiGatewayApplication[51] - Starting ApiGatewayApplication using Java 17.0.13 with PID 11548 (C:\dev\workspace\gw\out\production\classes started by PMG043 in C:\dev\workspace\gw)
[2024-11-08 13:14:45:980][main] DEBUG c.e.w.gw.ApiGatewayApplication[52] - Running with Spring Boot v3.1.4, Spring v6.0.12
[2024-11-08 13:14:45:982][main] INFO  c.e.w.gw.ApiGatewayApplication[637] - No active profile set, falling back to 1 default profile: "default"
[2024-11-08 13:14:48:3811][main] INFO  c.e.w.gw.ApiGatewayApplication[57] - Started ApiGatewayApplication in 3.575 seconds (process running for 4.11)
[2024-11-08 13:14:51:6839][http-nio-8080-exec-1] DEBUG c.e.w.gw.controller.KafkaController[22] - message : hello2
[2024-11-08 13:14:52:7899][kafka-producer-network-thread | producer-1] DEBUG c.e.w.gw.service.CustomProducer[42] - pub timestamp : 2024-11-08T13:14:51.778
[2024-11-08 13:14:52:7899][kafka-producer-network-thread | producer-1] DEBUG c.e.w.gw.service.CustomProducer[43] - pub partition : 1
[2024-11-08 13:14:52:7899][kafka-producer-network-thread | producer-1] DEBUG c.e.w.gw.service.CustomProducer[44] - pub message : hello2
[2024-11-08 13:14:52:7907][org.springframework.kafka.KafkaListenerEndpointContainer#1-0-C-1] DEBUG c.e.w.gw.service.CustomConsumer[49] - [consumer2] => topic: dev-topic-test1, partition: 1, offset: 1322, value: hello2 
[2024-11-08 13:15:07:955][main] INFO  c.e.w.gw.ApiGatewayApplication[51] - Starting ApiGatewayApplication using Java 17.0.13 with PID 20284 (C:\dev\workspace\gw\out\production\classes started by PMG043 in C:\dev\workspace\gw)
[2024-11-08 13:15:07:958][main] DEBUG c.e.w.gw.ApiGatewayApplication[52] - Running with Spring Boot v3.1.4, Spring v6.0.12
[2024-11-08 13:15:07:960][main] INFO  c.e.w.gw.ApiGatewayApplication[637] - No active profile set, falling back to 1 default profile: "default"
[2024-11-08 13:15:10:3820][main] INFO  c.e.w.gw.ApiGatewayApplication[57] - Started ApiGatewayApplication in 3.567 seconds (process running for 4.166)
[2024-11-08 13:25:50:1032][main] INFO  c.e.w.gw.ApiGatewayApplication[51] - Starting ApiGatewayApplication using Java 17.0.13 with PID 22332 (C:\dev\workspace\gw\out\production\classes started by PMG043 in C:\dev\workspace\gw)
[2024-11-08 13:25:50:1035][main] DEBUG c.e.w.gw.ApiGatewayApplication[52] - Running with Spring Boot v3.1.4, Spring v6.0.12
[2024-11-08 13:25:50:1036][main] INFO  c.e.w.gw.ApiGatewayApplication[637] - No active profile set, falling back to 1 default profile: "default"
[2024-11-08 13:25:54:4294][main] INFO  c.e.w.gw.ApiGatewayApplication[57] - Started ApiGatewayApplication in 4.045 seconds (process running for 4.668)
[2024-11-08 13:27:32:995][main] INFO  c.e.w.gw.ApiGatewayApplication[51] - Starting ApiGatewayApplication using Java 17.0.13 with PID 21892 (C:\dev\workspace\gw\out\production\classes started by PMG043 in C:\dev\workspace\gw)
[2024-11-08 13:27:32:998][main] DEBUG c.e.w.gw.ApiGatewayApplication[52] - Running with Spring Boot v3.1.4, Spring v6.0.12
[2024-11-08 13:27:32:999][main] INFO  c.e.w.gw.ApiGatewayApplication[637] - No active profile set, falling back to 1 default profile: "default"
[2024-11-08 13:27:35:4094][main] INFO  c.e.w.gw.ApiGatewayApplication[57] - Started ApiGatewayApplication in 3.859 seconds (process running for 4.384)
[2024-11-08 13:28:19:1272][main] INFO  c.e.w.gw.ApiGatewayApplication[51] - Starting ApiGatewayApplication using Java 17.0.13 with PID 22128 (C:\dev\workspace\gw\out\production\classes started by PMG043 in C:\dev\workspace\gw)
[2024-11-08 13:28:19:1276][main] DEBUG c.e.w.gw.ApiGatewayApplication[52] - Running with Spring Boot v3.1.4, Spring v6.0.12
[2024-11-08 13:28:19:1277][main] INFO  c.e.w.gw.ApiGatewayApplication[637] - No active profile set, falling back to 1 default profile: "default"
[2024-11-08 13:28:22:4721][main] INFO  c.e.w.gw.ApiGatewayApplication[57] - Started ApiGatewayApplication in 4.413 seconds (process running for 5.13)
[2024-11-08 13:30:50:1022][main] INFO  c.e.w.gw.ApiGatewayApplication[51] - Starting ApiGatewayApplication using Java 17.0.13 with PID 17352 (C:\dev\workspace\gw\out\production\classes started by PMG043 in C:\dev\workspace\gw)
[2024-11-08 13:30:50:1024][main] DEBUG c.e.w.gw.ApiGatewayApplication[52] - Running with Spring Boot v3.1.4, Spring v6.0.12
[2024-11-08 13:30:50:1026][main] INFO  c.e.w.gw.ApiGatewayApplication[637] - No active profile set, falling back to 1 default profile: "default"
[2024-11-08 13:30:53:3954][main] INFO  c.e.w.gw.ApiGatewayApplication[57] - Started ApiGatewayApplication in 3.693 seconds (process running for 4.27)
[2024-11-08 13:30:57:7792][http-nio-8080-exec-1] DEBUG c.e.w.gw.controller.KafkaController[22] - message : hello2
[2024-11-08 13:30:58:8857][kafka-producer-network-thread | producer-1] DEBUG c.e.w.gw.service.CustomProducer[42] - pub timestamp : 2024-11-08T13:30:57.285
[2024-11-08 13:30:58:8857][kafka-producer-network-thread | producer-1] DEBUG c.e.w.gw.service.CustomProducer[43] - pub partition : 1
[2024-11-08 13:30:58:8857][kafka-producer-network-thread | producer-1] DEBUG c.e.w.gw.service.CustomProducer[44] - pub message : hello2
[2024-11-08 13:30:58:8878][org.springframework.kafka.KafkaListenerEndpointContainer#1-0-C-1] DEBUG c.e.w.gw.service.CustomConsumer[49] - [consumer2] => topic: dev-topic-test1, partition: 1, offset: 1323, value: hello2 
[2024-11-08 13:32:02:957][main] INFO  c.e.w.gw.ApiGatewayApplication[51] - Starting ApiGatewayApplication using Java 17.0.13 with PID 21292 (C:\dev\workspace\gw\out\production\classes started by PMG043 in C:\dev\workspace\gw)
[2024-11-08 13:32:02:959][main] DEBUG c.e.w.gw.ApiGatewayApplication[52] - Running with Spring Boot v3.1.4, Spring v6.0.12
[2024-11-08 13:32:02:961][main] INFO  c.e.w.gw.ApiGatewayApplication[637] - No active profile set, falling back to 1 default profile: "default"
[2024-11-08 13:32:05:3740][main] INFO  c.e.w.gw.ApiGatewayApplication[57] - Started ApiGatewayApplication in 3.522 seconds (process running for 4.032)
[2024-11-08 13:32:20:891][main] INFO  c.e.w.gw.ApiGatewayApplication[51] - Starting ApiGatewayApplication using Java 17.0.13 with PID 6104 (C:\dev\workspace\gw\out\production\classes started by PMG043 in C:\dev\workspace\gw)
[2024-11-08 13:32:20:893][main] DEBUG c.e.w.gw.ApiGatewayApplication[52] - Running with Spring Boot v3.1.4, Spring v6.0.12
[2024-11-08 13:32:20:895][main] INFO  c.e.w.gw.ApiGatewayApplication[637] - No active profile set, falling back to 1 default profile: "default"
[2024-11-08 13:32:22:3655][main] INFO  c.e.w.gw.ApiGatewayApplication[57] - Started ApiGatewayApplication in 3.453 seconds (process running for 3.942)
[2024-11-08 13:32:49:896][main] INFO  c.e.w.gw.ApiGatewayApplication[51] - Starting ApiGatewayApplication using Java 17.0.13 with PID 20964 (C:\dev\workspace\gw\out\production\classes started by PMG043 in C:\dev\workspace\gw)
[2024-11-08 13:32:49:898][main] DEBUG c.e.w.gw.ApiGatewayApplication[52] - Running with Spring Boot v3.1.4, Spring v6.0.12
[2024-11-08 13:32:49:899][main] INFO  c.e.w.gw.ApiGatewayApplication[637] - No active profile set, falling back to 1 default profile: "default"
[2024-11-08 13:32:52:3908][main] INFO  c.e.w.gw.ApiGatewayApplication[57] - Started ApiGatewayApplication in 3.695 seconds (process running for 4.232)
[2024-11-08 13:33:42:54422][http-nio-8080-exec-1] DEBUG c.e.w.gw.controller.KafkaController[22] - message : hello2
[2024-11-08 13:33:43:55471][kafka-producer-network-thread | producer-1] DEBUG c.e.w.gw.service.CustomProducer[42] - pub timestamp : 2024-11-08T13:33:42.790
[2024-11-08 13:33:43:55471][kafka-producer-network-thread | producer-1] DEBUG c.e.w.gw.service.CustomProducer[43] - pub partition : 0
[2024-11-08 13:33:43:55471][kafka-producer-network-thread | producer-1] DEBUG c.e.w.gw.service.CustomProducer[44] - pub message : hello2
[2024-11-08 13:33:43:55478][org.springframework.kafka.KafkaListenerEndpointContainer#0-0-C-1] DEBUG c.e.w.gw.service.CustomConsumer[43] - [consumer1] => topic: dev-topic-test1, partition: 0, offset: 402, value: hello2 
[2024-11-08 13:34:19:945][main] INFO  c.e.w.gw.ApiGatewayApplication[51] - Starting ApiGatewayApplication using Java 17.0.13 with PID 16716 (C:\dev\workspace\gw\out\production\classes started by PMG043 in C:\dev\workspace\gw)
[2024-11-08 13:34:19:947][main] DEBUG c.e.w.gw.ApiGatewayApplication[52] - Running with Spring Boot v3.1.4, Spring v6.0.12
[2024-11-08 13:34:19:948][main] INFO  c.e.w.gw.ApiGatewayApplication[637] - No active profile set, falling back to 1 default profile: "default"
[2024-11-08 13:34:22:3893][main] INFO  c.e.w.gw.ApiGatewayApplication[57] - Started ApiGatewayApplication in 3.689 seconds (process running for 4.196)
[2024-11-08 13:34:54:894][main] INFO  c.e.w.gw.ApiGatewayApplication[51] - Starting ApiGatewayApplication using Java 17.0.13 with PID 18708 (C:\dev\workspace\gw\out\production\classes started by PMG043 in C:\dev\workspace\gw)
[2024-11-08 13:34:54:898][main] DEBUG c.e.w.gw.ApiGatewayApplication[52] - Running with Spring Boot v3.1.4, Spring v6.0.12
[2024-11-08 13:34:54:899][main] INFO  c.e.w.gw.ApiGatewayApplication[637] - No active profile set, falling back to 1 default profile: "default"
[2024-11-08 13:34:56:3602][main] INFO  c.e.w.gw.ApiGatewayApplication[57] - Started ApiGatewayApplication in 3.374 seconds (process running for 3.895)
[2024-11-08 13:36:11:78482][http-nio-8080-exec-1] DEBUG c.e.w.gw.controller.KafkaController[22] - message : hello2
[2024-11-08 13:36:12:79544][kafka-producer-network-thread | producer-1] DEBUG c.e.w.gw.service.CustomProducer[42] - pub timestamp : 2024-11-08T13:36:11.612
[2024-11-08 13:36:12:79545][kafka-producer-network-thread | producer-1] DEBUG c.e.w.gw.service.CustomProducer[43] - pub partition : 1
[2024-11-08 13:36:12:79545][kafka-producer-network-thread | producer-1] DEBUG c.e.w.gw.service.CustomProducer[44] - pub message : hello2
[2024-11-08 13:36:12:79554][org.springframework.kafka.KafkaListenerEndpointContainer#1-0-C-1] DEBUG c.e.w.gw.service.CustomConsumer[49] - [consumer2] => topic: dev-topic-test1, partition: 1, offset: 1324, value: hello2 
